<?xml version="1.0" encoding="UTF-8"?>
<!-- Generated by org.testng.reporters.JUnitXMLReporter -->
<testsuite ignored="0" hostname="a" failures="0" tests="8" name="Test" time="474.492" errors="0" timestamp="2023-03-11T00:04:23 IST">
  <testcase classname="TestCases.VerifyRegister" name="registerUser" time="38.636"/>
  <testcase classname="TestCases.VerifyLogin" name="loginUser" time="10.674"/>
  <testcase classname="TestCases.VerifyHeader" name="header" time="36.957"/>
  <testcase classname="TestCases.VerifyMenuBar" name="menuBar" time="86.603"/>
  <testcase classname="TestCases.VerifyFooter" name="footer" time="108.169"/>
  <testcase classname="TestCases.VerifyAddToCart" name="addToCartt" time="51.129"/>
  <testcase classname="TestCases.VerifyDeleteFromCart" name="deleteFromCart" time="37.188"/>
  <testcase classname="TestCases.VerifyProductComparison" name="productComparison" time="31.685"/>
</testsuite> <!-- Test -->
