<?xml version="1.0" encoding="UTF-8"?>
<testng-results ignored="0" total="1" passed="1" failed="0" skipped="0">
  <reporter-output>
  </reporter-output>
  <suite started-at="2023-03-20T18:56:32 IST" name="Default suite" finished-at="2023-03-20T18:57:58 IST" duration-ms="86463">
    <groups>
    </groups>
    <test started-at="2023-03-20T18:56:32 IST" name="Default test" finished-at="2023-03-20T18:57:58 IST" duration-ms="86463">
      <class name="TestCases.VerifyCheckoutProcess">
        <test-method is-config="true" signature="ExtentReport()[pri:0, instance:TestCases.VerifyCheckoutProcess@9f116cc]" started-at="2023-03-20T18:56:32 IST" name="ExtentReport" finished-at="2023-03-20T18:56:37 IST" duration-ms="5248" status="PASS">
          <reporter-output>
          </reporter-output>
        </test-method> <!-- ExtentReport -->
        <test-method is-config="true" signature="launchDriver()[pri:0, instance:TestCases.VerifyCheckoutProcess@9f116cc]" started-at="2023-03-20T18:56:37 IST" name="launchDriver" finished-at="2023-03-20T18:57:07 IST" duration-ms="30316" status="PASS">
          <reporter-output>
          </reporter-output>
        </test-method> <!-- launchDriver -->
        <test-method signature="checkOutProcess()[pri:0, instance:TestCases.VerifyCheckoutProcess@9f116cc]" started-at="2023-03-20T18:57:07 IST" name="checkOutProcess" finished-at="2023-03-20T18:57:52 IST" duration-ms="44672" status="PASS">
          <reporter-output>
          </reporter-output>
        </test-method> <!-- checkOutProcess -->
        <test-method is-config="true" signature="driverclose()[pri:0, instance:TestCases.VerifyCheckoutProcess@9f116cc]" started-at="2023-03-20T18:57:52 IST" name="driverclose" finished-at="2023-03-20T18:57:54 IST" duration-ms="1737" status="PASS">
          <reporter-output>
          </reporter-output>
        </test-method> <!-- driverclose -->
        <test-method is-config="true" signature="endReport()[pri:0, instance:TestCases.VerifyCheckoutProcess@9f116cc]" started-at="2023-03-20T18:57:54 IST" name="endReport" finished-at="2023-03-20T18:57:58 IST" duration-ms="4297" status="PASS">
          <reporter-output>
          </reporter-output>
        </test-method> <!-- endReport -->
      </class> <!-- TestCases.VerifyCheckoutProcess -->
    </test> <!-- Default test -->
  </suite> <!-- Default suite -->
</testng-results>
