<?xml version="1.0" encoding="UTF-8"?>
<testng-results ignored="0" total="8" passed="8" failed="0" skipped="0">
  <reporter-output>
  </reporter-output>
  <suite started-at="2023-03-10T23:56:28 IST" name="Suite" finished-at="2023-03-11T00:04:23 IST" duration-ms="474492">
    <groups>
    </groups>
    <test started-at="2023-03-10T23:56:28 IST" name="Test" finished-at="2023-03-11T00:04:23 IST" duration-ms="474492">
      <class name="TestCases.VerifyHeader">
        <test-method is-config="true" signature="launchDriver()[pri:0, instance:TestCases.VerifyHeader@245b4bdc]" started-at="2023-03-10T23:57:55 IST" name="launchDriver" finished-at="2023-03-10T23:58:00 IST" duration-ms="5166" status="PASS">
          <reporter-output>
          </reporter-output>
        </test-method> <!-- launchDriver -->
        <test-method signature="header()[pri:0, instance:TestCases.VerifyHeader@245b4bdc]" started-at="2023-03-10T23:58:00 IST" name="header" finished-at="2023-03-10T23:58:37 IST" duration-ms="36957" status="PASS">
          <reporter-output>
          </reporter-output>
        </test-method> <!-- header -->
        <test-method is-config="true" signature="closerDriver()[pri:0, instance:TestCases.VerifyHeader@245b4bdc]" started-at="2023-03-10T23:58:37 IST" name="closerDriver" finished-at="2023-03-10T23:58:38 IST" duration-ms="775" status="PASS">
          <reporter-output>
          </reporter-output>
        </test-method> <!-- closerDriver -->
      </class> <!-- TestCases.VerifyHeader -->
      <class name="TestCases.VerifyAddToCart">
        <test-method is-config="true" signature="launchDriver()[pri:0, instance:TestCases.VerifyAddToCart@222545dc]" started-at="2023-03-11T00:02:04 IST" name="launchDriver" finished-at="2023-03-11T00:02:09 IST" duration-ms="5272" status="PASS">
          <reporter-output>
          </reporter-output>
        </test-method> <!-- launchDriver -->
        <test-method signature="addToCartt()[pri:0, instance:TestCases.VerifyAddToCart@222545dc]" started-at="2023-03-11T00:02:09 IST" name="addToCartt" finished-at="2023-03-11T00:03:01 IST" duration-ms="51129" status="PASS">
          <reporter-output>
          </reporter-output>
        </test-method> <!-- addToCartt -->
        <test-method is-config="true" signature="closerDriver()[pri:0, instance:TestCases.VerifyAddToCart@222545dc]" started-at="2023-03-11T00:03:01 IST" name="closerDriver" finished-at="2023-03-11T00:03:01 IST" duration-ms="768" status="PASS">
          <reporter-output>
          </reporter-output>
        </test-method> <!-- closerDriver -->
      </class> <!-- TestCases.VerifyAddToCart -->
      <class name="TestCases.VerifyMenuBar">
        <test-method is-config="true" signature="launchDriver()[pri:0, instance:TestCases.VerifyMenuBar@6c64cb25]" started-at="2023-03-10T23:58:38 IST" name="launchDriver" finished-at="2023-03-10T23:58:43 IST" duration-ms="5073" status="PASS">
          <reporter-output>
          </reporter-output>
        </test-method> <!-- launchDriver -->
        <test-method signature="menuBar()[pri:0, instance:TestCases.VerifyMenuBar@6c64cb25]" started-at="2023-03-10T23:58:43 IST" name="menuBar" finished-at="2023-03-11T00:00:09 IST" duration-ms="86603" status="PASS">
          <reporter-output>
          </reporter-output>
        </test-method> <!-- menuBar -->
        <test-method is-config="true" signature="closerDriver()[pri:0, instance:TestCases.VerifyMenuBar@6c64cb25]" started-at="2023-03-11T00:00:09 IST" name="closerDriver" finished-at="2023-03-11T00:00:10 IST" duration-ms="752" status="PASS">
          <reporter-output>
          </reporter-output>
        </test-method> <!-- closerDriver -->
      </class> <!-- TestCases.VerifyMenuBar -->
      <class name="TestCases.VerifyDeleteFromCart">
        <test-method is-config="true" signature="launchDriver()[pri:0, instance:TestCases.VerifyDeleteFromCart@5c5eefef]" started-at="2023-03-11T00:03:01 IST" name="launchDriver" finished-at="2023-03-11T00:03:07 IST" duration-ms="5235" status="PASS">
          <reporter-output>
          </reporter-output>
        </test-method> <!-- launchDriver -->
        <test-method signature="deleteFromCart()[pri:0, instance:TestCases.VerifyDeleteFromCart@5c5eefef]" started-at="2023-03-11T00:03:07 IST" name="deleteFromCart" finished-at="2023-03-11T00:03:44 IST" duration-ms="37188" status="PASS">
          <reporter-output>
          </reporter-output>
        </test-method> <!-- deleteFromCart -->
        <test-method is-config="true" signature="closerDriver()[pri:0, instance:TestCases.VerifyDeleteFromCart@5c5eefef]" started-at="2023-03-11T00:03:44 IST" name="closerDriver" finished-at="2023-03-11T00:03:45 IST" duration-ms="749" status="PASS">
          <reporter-output>
          </reporter-output>
        </test-method> <!-- closerDriver -->
      </class> <!-- TestCases.VerifyDeleteFromCart -->
      <class name="TestCases.VerifyRegister">
        <test-method is-config="true" signature="launchDriver()[pri:0, instance:TestCases.VerifyRegister@61862a7f]" started-at="2023-03-10T23:56:28 IST" name="launchDriver" finished-at="2023-03-10T23:56:56 IST" duration-ms="28020" status="PASS">
          <reporter-output>
          </reporter-output>
        </test-method> <!-- launchDriver -->
        <test-method signature="registerUser()[pri:0, instance:TestCases.VerifyRegister@61862a7f]" started-at="2023-03-10T23:56:56 IST" name="registerUser" finished-at="2023-03-10T23:57:35 IST" duration-ms="38636" status="PASS">
          <reporter-output>
          </reporter-output>
        </test-method> <!-- registerUser -->
        <test-method is-config="true" signature="closerDriver()[pri:0, instance:TestCases.VerifyRegister@61862a7f]" started-at="2023-03-10T23:57:35 IST" name="closerDriver" finished-at="2023-03-10T23:57:36 IST" duration-ms="1408" status="PASS">
          <reporter-output>
          </reporter-output>
        </test-method> <!-- closerDriver -->
      </class> <!-- TestCases.VerifyRegister -->
      <class name="TestCases.VerifyProductComparison">
        <test-method is-config="true" signature="launchDriver()[pri:0, instance:TestCases.VerifyProductComparison@595b007d]" started-at="2023-03-11T00:03:45 IST" name="launchDriver" finished-at="2023-03-11T00:03:50 IST" duration-ms="5502" status="PASS">
          <reporter-output>
          </reporter-output>
        </test-method> <!-- launchDriver -->
        <test-method signature="productComparison()[pri:0, instance:TestCases.VerifyProductComparison@595b007d]" started-at="2023-03-11T00:03:50 IST" name="productComparison" finished-at="2023-03-11T00:04:22 IST" duration-ms="31685" status="PASS">
          <reporter-output>
          </reporter-output>
        </test-method> <!-- productComparison -->
        <test-method is-config="true" signature="closerDriver()[pri:0, instance:TestCases.VerifyProductComparison@595b007d]" started-at="2023-03-11T00:04:22 IST" name="closerDriver" finished-at="2023-03-11T00:04:23 IST" duration-ms="811" status="PASS">
          <reporter-output>
          </reporter-output>
        </test-method> <!-- closerDriver -->
      </class> <!-- TestCases.VerifyProductComparison -->
      <class name="TestCases.VerifyFooter">
        <test-method is-config="true" signature="launchDriver()[pri:0, instance:TestCases.VerifyFooter@6ae5aa72]" started-at="2023-03-11T00:00:10 IST" name="launchDriver" finished-at="2023-03-11T00:00:15 IST" duration-ms="4972" status="PASS">
          <reporter-output>
          </reporter-output>
        </test-method> <!-- launchDriver -->
        <test-method signature="footer()[pri:0, instance:TestCases.VerifyFooter@6ae5aa72]" started-at="2023-03-11T00:00:15 IST" name="footer" finished-at="2023-03-11T00:02:03 IST" duration-ms="108169" status="PASS">
          <reporter-output>
          </reporter-output>
        </test-method> <!-- footer -->
        <test-method is-config="true" signature="closerDriver()[pri:0, instance:TestCases.VerifyFooter@6ae5aa72]" started-at="2023-03-11T00:02:03 IST" name="closerDriver" finished-at="2023-03-11T00:02:04 IST" duration-ms="813" status="PASS">
          <reporter-output>
          </reporter-output>
        </test-method> <!-- closerDriver -->
      </class> <!-- TestCases.VerifyFooter -->
      <class name="TestCases.VerifyLogin">
        <test-method is-config="true" signature="launchDriver()[pri:0, instance:TestCases.VerifyLogin@dd8ba08]" started-at="2023-03-10T23:57:36 IST" name="launchDriver" finished-at="2023-03-10T23:57:43 IST" duration-ms="7150" status="PASS">
          <reporter-output>
          </reporter-output>
        </test-method> <!-- launchDriver -->
        <test-method signature="loginUser()[pri:0, instance:TestCases.VerifyLogin@dd8ba08]" started-at="2023-03-10T23:57:43 IST" name="loginUser" finished-at="2023-03-10T23:57:54 IST" duration-ms="10674" status="PASS">
          <reporter-output>
          </reporter-output>
        </test-method> <!-- loginUser -->
        <test-method is-config="true" signature="closerDriver()[pri:0, instance:TestCases.VerifyLogin@dd8ba08]" started-at="2023-03-10T23:57:54 IST" name="closerDriver" finished-at="2023-03-10T23:57:55 IST" duration-ms="841" status="PASS">
          <reporter-output>
          </reporter-output>
        </test-method> <!-- closerDriver -->
      </class> <!-- TestCases.VerifyLogin -->
    </test> <!-- Test -->
  </suite> <!-- Suite -->
</testng-results>
